<html>
<body>
<pre>
<h1>µVision Build Log</h1>
<h2>Tool Versions:</h2>
IDE-Version: ¦ÌVision V5.36.0.0
Copyright (C) 2021 ARM Ltd and ARM Germany GmbH. All rights reserved.
License Information: xxx zhang, ddd, LIC=Z3C6R-KYN3A-685FC-7PWNH-EHBEK-2A8BD
 
Tool Versions:
Toolchain:       MDK-ARM Professional  Version: 5.36.0.0
Toolchain Path:  C:\Keil_v5\ARM\ARMCLANG\Bin
C Compiler:      ArmClang.exe V6.16
Assembler:       Armasm.exe V6.16
Linker/Locator:  ArmLink.exe V6.16
Library Manager: ArmAr.exe V6.16
Hex Converter:   FromElf.exe V6.16
CPU DLL:         SARMCM3.DLL V5.36.0.0
Dialog DLL:      DCM.DLL V1.17.3.0
Target DLL:      CMSIS_AGDI.dll V1.33.0.0
Dialog DLL:      TCM.DLL V1.53.0.0
 
<h2>Project:</h2>
E:\works\Projects\hot_plate\code\code.uvprojx
Project File Date:  04/16/2024

<h2>Output:</h2>
*** Using Compiler 'V6.16', folder: 'C:\Keil_v5\ARM\ARMCLANG\Bin'
Rebuild target 'code'
ArmClang: error: no such file or directory: 'FreeRTOS-Kernel/list.c'
ArmClang: error: no input files
compiling list.c...
ArmClang: error: no such file or directory: 'FreeRTOS-Kernel/tasks.c'
ArmClang: error: no input files
compiling tasks.c...
ArmClang: error: no such file or directory: 'FreeRTOS-Kernel/portable/GCC/ARM_CM4F/port.c'
ArmClang: error: no input files
compiling port.c...
ArmClang: error: no such file or directory: 'FreeRTOS-Kernel/portable/MemMang/heap_4.c'
ArmClang: error: no input files
compiling heap_4.c...
compiling at32f413_clock.c...
compiling at32f413_int.c...
src/main.c(13): warning: In file included from...
./app\hot_plate.h(7): error: 'led.hpp' file not found
#include "led.hpp"
         ^~~~~~~~~
1 error generated.
compiling main.c...
compiling system_at32f413.c...
compiling at32f413_misc.c...
compiling at32f413_gpio.c...
compiling at32f413_crm.c...
compiling at32f413_usart.c...
compiling at32f413_pwc.c...
compiling at32f413_dma.c...
compiling at32f413_i2c.c...
assembling startup_at32f413.s...
compiling buzzer.c...
app/ec11.c(1): warning: In file included from...
./app/ec11.h(34): error: expected ';' after top level declarator
enum class Ec11Dir
                  ^
                  ;
./app/ec11.h(41): error: expected ';' after top level declarator
enum class Ec11Btn
                  ^
                  ;
./app/ec11.h(50): error: must use 'enum' tag to refer to type 'class'
class Ec11
^
enum 
./app/ec11.h(50): error: expected ';' after top level declarator
class Ec11
          ^
          ;
app/ec11.c(8): warning: type specifier missing, defaults to 'int' [-Wimplicit-int]
Ec11::Ec11()
^
app/ec11.c(8): error: redefinition of 'Ec11' with a different type: 'int' vs 'enum class'
./app/ec11.h(50): note: previous definition is here
class Ec11
      ^
app/ec11.c(8): error: expected ';' after top level declarator
Ec11::Ec11()
    ^
    ;
app/ec11.c(8): error: expected identifier or '('
Ec11::Ec11()
     ^
app/ec11.c(1): warning: In file included from...
./app/ec11.h(34): error: tentative definition has type 'enum class' that is never completed
enum class Ec11Dir
           ^
./app/ec11.h(34): note: forward declaration of 'enum class'
enum class Ec11Dir
     ^
./app/ec11.h(41): error: tentative definition has type 'enum class' that is never completed
enum class Ec11Btn
           ^
./app/ec11.h(34): note: forward declaration of 'enum class'
enum class Ec11Dir
     ^
./app/ec11.h(50): error: tentative definition has type 'enum class' that is never completed
class Ec11
      ^
./app/ec11.h(34): note: forward declaration of 'enum class'
enum class Ec11Dir
     ^
1 warning and 10 errors generated.
compiling ec11.c...
compiling gpio_init.c...
compiling i2c_application.c...
app/hot_plate.c(1): warning: In file included from...
./app/hot_plate.h(7): error: 'led.hpp' file not found
#include "led.hpp"
         ^~~~~~~~~
1 error generated.
compiling hot_plate.c...
app/led.c(1): warning: In file included from...
./app/led.h(14): error: unknown type name 'class'
class Led
^
./app/led.h(14): error: expected ';' after top level declarator
class Led
         ^
         ;
app/led.c(13): warning: type specifier missing, defaults to 'int' [-Wimplicit-int]
Led::Led(gpio_type* gpiox, uint32_t pins, gpio_pull_type pull, crm_periph_clock_type crm_periph_clock)
^
app/led.c(13): error: expected ';' after top level declarator
Led::Led(gpio_type* gpiox, uint32_t pins, gpio_pull_type pull, crm_periph_clock_type crm_periph_clock)
   ^
   ;
app/led.c(13): error: expected identifier or '('
Led::Led(gpio_type* gpiox, uint32_t pins, gpio_pull_type pull, crm_periph_clock_type crm_periph_clock)
    ^
app/led.c(24): error: variable has incomplete type 'void'
void Led::on()
     ^
app/led.c(24): error: expected ';' after top level declarator
void Led::on()
        ^
        ;
app/led.c(24): error: expected identifier or '('
void Led::on()
         ^
app/led.c(32): error: variable has incomplete type 'void'
void Led::off()
     ^
app/led.c(32): error: expected ';' after top level declarator
void Led::off()
        ^
        ;
app/led.c(32): error: expected identifier or '('
void Led::off()
         ^
app/led.c(40): error: variable has incomplete type 'void'
void Led::toggle()
     ^
app/led.c(40): error: expected ';' after top level declarator
void Led::toggle()
        ^
        ;
app/led.c(40): error: expected identifier or '('
void Led::toggle()
         ^
1 warning and 13 errors generated.
compiling led.c...
app/ptc.c(1): warning: In file included from...
./app/ptc.h(25): error: unknown type name 'class'
class Ptc
^
./app/ptc.h(25): error: expected ';' after top level declarator
class Ptc
         ^
         ;
2 errors generated.
compiling ptc.c...
app/ssd1306.c(11): warning: In file included from...
./app/ssd1306.h(97): error: unknown type name 'i16'
    void (*draw_line)(i16 x0, i16 y0, i16 x1, i16 y1);
                      ^
./app/ssd1306.h(97): error: unknown type name 'i16'
    void (*draw_line)(i16 x0, i16 y0, i16 x1, i16 y1);
                              ^
./app/ssd1306.h(97): error: unknown type name 'i16'
    void (*draw_line)(i16 x0, i16 y0, i16 x1, i16 y1);
                                      ^
./app/ssd1306.h(97): error: unknown type name 'i16'
    void (*draw_line)(i16 x0, i16 y0, i16 x1, i16 y1);
                                              ^
./app/ssd1306.h(98): error: unknown type name 'i16'
    void (*draw_horizontal_line)(i16 x, i16 y, i16 length);
                                 ^
./app/ssd1306.h(98): error: unknown type name 'i16'
    void (*draw_horizontal_line)(i16 x, i16 y, i16 length);
                                        ^
./app/ssd1306.h(98): error: unknown type name 'i16'
    void (*draw_horizontal_line)(i16 x, i16 y, i16 length);
                                               ^
./app/ssd1306.h(99): error: unknown type name 'i16'
    void (*draw_vertical_line)(i16 x, i16 y, i16 length);
                               ^
./app/ssd1306.h(99): error: unknown type name 'i16'
    void (*draw_vertical_line)(i16 x, i16 y, i16 length);
                                      ^
./app/ssd1306.h(99): error: unknown type name 'i16'
    void (*draw_vertical_line)(i16 x, i16 y, i16 length);
                                             ^
./app/ssd1306.h(100): error: unknown type name 'i16'
    void (*draw_rect)(i16 x, i16 y, i16 width, i16 height);
                      ^
./app/ssd1306.h(100): error: unknown type name 'i16'
    void (*draw_rect)(i16 x, i16 y, i16 width, i16 height);
                             ^
./app/ssd1306.h(100): error: unknown type name 'i16'
    void (*draw_rect)(i16 x, i16 y, i16 width, i16 height);
                                    ^
./app/ssd1306.h(100): error: unknown type name 'i16'
    void (*draw_rect)(i16 x, i16 y, i16 width, i16 height);
                                               ^
./app/ssd1306.h(101): error: unknown type name 'i16'
    void (*draw_fill_rect)(i16 xMove, i16 yMove, i16 width, i16 height);
                           ^
./app/ssd1306.h(101): error: unknown type name 'i16'
    void (*draw_fill_rect)(i16 xMove, i16 yMove, i16 width, i16 height);
                                      ^
./app/ssd1306.h(101): error: unknown type name 'i16'
    void (*draw_fill_rect)(i16 xMove, i16 yMove, i16 width, i16 height);
                                                 ^
./app/ssd1306.h(101): error: unknown type name 'i16'
    void (*draw_fill_rect)(i16 xMove, i16 yMove, i16 width, i16 height);
                                                            ^
./app/ssd1306.h(104): error: unknown type name 'i16'
    void (*draw_circle)(i16 x0, i16 y0, i16 radius);
                        ^
fatal error: too many errors emitted, stopping now [-ferror-limit=]
20 errors generated.
compiling ssd1306.c...
compiling xtp_defines.c...
".\objects\code.axf" - 54 Error(s), 2 Warning(s).

<h2>Software Packages used:</h2>

Package Vendor: ArteryTek
                
                ArteryTek.AT32F413_DFP.2.1.4
                ArteryTek AT32F413 Series Device Support,Drivers

<h2>Collection of Component include folders:</h2>
  C:\Users\zhang\AppData\Local\Arm\Packs\ArteryTek\AT32F413_DFP\2.1.4\Device\Include

<h2>Collection of Component Files used:</h2>
Target not created.
Build Time Elapsed:  00:00:02
</pre>
</body>
</html>
